\BOOKMARK [1][-]{section.1}{\376\377\000I\000n\000t\000r\000o\000d\000u\000c\000e\000r\000e}{}% 1
\BOOKMARK [1][-]{section.2}{\376\377\000C\000a\000d\000r\000u\000\040\000m\000e\000t\000o\000d\000o\000l\000o\000g\000i\000c}{}% 2
\BOOKMARK [2][-]{subsection.2.1}{\376\377\000F\000i\000l\000t\000r\000u\000l\000\040\000C\000P\000S\000U}{section.2}% 3
\BOOKMARK [2][-]{subsection.2.2}{\376\377\000S\000u\000r\000s\000e\000\040\002\031\000i\000\040\000m\000a\000t\000e\000r\000i\000a\000l}{section.2}% 4
\BOOKMARK [1][-]{section.3}{\376\377\000A\000r\000h\000i\000t\000e\000c\000t\000u\000r\000a\000\040\000n\000u\000c\000l\000e\000u\000l\000u\000i}{}% 5
\BOOKMARK [2][-]{subsection.3.1}{\376\377\000O\000r\000d\000i\000n\000e\000a\000\040\000p\000r\000o\000p\000o\000z\000i\002\033\000i\000e\000i\000\040\002\031\000i\000\040\000t\000r\000a\000t\000a\000m\000e\000n\000t\000u\000l\000\040\000t\000i\000m\000p\000u\000l\000u\000i}{section.3}% 6
\BOOKMARK [2][-]{subsection.3.2}{\376\377\000F\000o\000r\000m\000a\000\040\000v\000e\000r\000b\000a\000l\001\003\000\040\000c\000a\000n\000o\000n\000i\000c\001\003}{section.3}% 7
\BOOKMARK [2][-]{subsection.3.3}{\376\377\000L\000e\000x\000i\000c\000u\000l\000\040\000v\000e\000r\000b\000a\000l\000\040\002\031\000i\000\040\000s\000t\000r\000a\000t\000i\000f\000i\000c\000a\000r\000e\000a\000\040\000s\000a}{section.3}% 8
\BOOKMARK [2][-]{subsection.3.4}{\376\377\000N\000u\000c\000l\000e\000u\000l\000\040\000n\000o\000m\000i\000n\000a\000l\000:\000\040\000d\000e\000f\000i\000n\000i\000t\000u\000d\000i\000n\000e\000,\000\040\000p\000o\000s\000e\000s\000i\000e\000\040\002\031\000i\000\040\000c\000a\000r\000d\000i\000n\000a\000l\000i\000t\000a\000t\000e}{section.3}% 9
\BOOKMARK [2][-]{subsection.3.5}{\376\377\000P\000r\000o\000n\000u\000m\000e\000\040\000c\000u\000a\000n\000t\000i\000f\000i\000c\000a\000t\000e}{section.3}% 10
\BOOKMARK [2][-]{subsection.3.6}{\376\377\000E\000c\000o\000n\000o\000m\000i\000a\000\040\000o\000p\000e\000r\000a\000t\000o\000r\000i\000a\000l\001\003}{section.3}% 11
\BOOKMARK [1][-]{section.4}{\376\377\000S\000i\000s\000t\000e\000m\000u\000l\000\040\000o\000p\000e\000r\000a\000t\000o\000r\000i\000a\000l}{}% 12
\BOOKMARK [2][-]{subsection.4.1}{\376\377\000D\000e\000\040\000c\000e\000\040\000o\000p\000e\000r\000a\000t\000o\000r\000i\000i\000\040\000s\000u\000n\000t\000\040\000c\000e\000n\000t\000r\000a\000l\000i\000\040\000\356\000n\000\040\000p\000r\000o\000i\000e\000c\000t}{section.4}% 13
\BOOKMARK [2][-]{subsection.4.2}{\376\377\000I\000n\000v\000e\000n\000t\000a\000r\000u\000l\000\040\000o\000p\000e\000r\000a\000t\000o\000r\000i\000l\000o\000r\000\040\000a\000c\000t\000i\000v\000i}{section.4}% 14
\BOOKMARK [2][-]{subsection.4.3}{\376\377\000O\000p\000e\000r\000a\000t\000o\000r\000i\000i\000\040\000n\000o\000m\000i\000n\000a\000l\000i\000:\000\040\000@\000,\000\040\000\043\000,\000\040\000n\000u\000m\001\003\000r\000\040\002\031\000i\000\040\000*}{section.4}% 15
\BOOKMARK [2][-]{subsection.4.4}{\376\377\000O\000p\000e\000r\000a\000t\000o\000r\000i\000i\000\040\000d\000e\000\040\000g\000r\000a\000d\000\040\002\031\000i\000\040\000d\000e\000\040\000e\000n\000u\000n\002\033}{section.4}% 16
\BOOKMARK [2][-]{subsection.4.5}{\376\377\000C\000o\000o\000r\000d\000o\000n\000a\000r\000e\000,\000\040\000a\000l\000t\000e\000r\000n\000a\000t\000i\000v\001\003\000\040\002\031\000i\000\040\000s\000i\000m\000b\000o\000l\000i\000z\000a\000r\000e\000\040\000c\000o\000n\000t\000r\000o\000l\000a\000t\001\003}{section.4}% 17
\BOOKMARK [2][-]{subsection.4.6}{\376\377\000B\000u\000g\000e\000t\000\040\000o\000p\000e\000r\000a\000t\000o\000r\000i\000a\000l\000\040\002\031\000i\000\040\000p\000r\000a\000g\000u\000r\000i\000\040\000d\000e\000\040\000a\000c\000c\000e\000p\000t\000a\000r\000e}{section.4}% 18
\BOOKMARK [1][-]{section.5}{\376\377\000E\000x\000e\000m\000p\000l\000e\000\040\002\031\000i\000\040\000s\000t\000u\000d\000i\000i\000\040\000d\000e\000\040\000c\000a\000z}{}% 19
\BOOKMARK [2][-]{subsection.5.1}{\376\377\000S\000e\000c\002\033\000i\000u\000n\000e\000\040\000e\000x\000t\000i\000n\000s\001\003\000\040\000d\000e\000\040\000e\000x\000e\000m\000p\000l\000e\000\040\000c\000o\000m\000p\000a\000r\000a\000t\000i\000v\000e\000\040\000s\000i\000d\000e\000\040\000b\000y\000\040\000s\000i\000d\000e}{section.5}% 20
\BOOKMARK [3][-]{subsubsection.5.1.1}{\376\377\000I\000.\000\040\000N\000u\000c\000l\000e\000u\000\040\000t\000e\000m\000p\000o\000r\000a\000l\000\040\002\031\000i\000\040\000p\000r\000o\000p\000o\000z\000i\002\033\000i\000o\000n\000a\000l}{subsection.5.1}% 21
\BOOKMARK [3][-]{subsubsection.5.1.2}{\376\377\000I\000I\000.\000\040\000R\000e\000l\000a\002\033\000i\000i\000\040\000n\000o\000m\000i\000n\000a\000l\000e\000,\000\040\000c\000a\000r\000d\000i\000n\000a\000l\000i\000t\000a\000t\000e\000\040\002\031\000i\000\040\000o\000p\000e\000r\000a\000t\000o\000r\000i}{subsection.5.1}% 22
\BOOKMARK [3][-]{subsubsection.5.1.3}{\376\377\000I\000I\000I\000.\000\040\000S\000t\000r\000a\000t\000\040\000e\000x\000t\000i\000n\000s\000\040\002\031\000i\000\040\000c\000a\000z\000u\000r\000i\000\040\000d\000e\000\040\000f\000r\000o\000n\000t\000i\000e\000r\001\003}{subsection.5.1}% 23
\BOOKMARK [2][-]{subsection.5.2}{\376\377\000M\000i\000c\000r\000o\000-\000c\000o\000m\000p\000a\000r\000a\002\033\000i\000i\000\040\000d\000e\000\040\000c\000o\000m\000p\000a\000c\000t\000a\000r\000e}{section.5}% 24
\BOOKMARK [2][-]{subsection.5.3}{\376\377\000C\000a\000z\000u\000r\000i\000-\000l\000i\000m\000i\000t\001\003\000\040\002\031\000i\000\040\000p\000r\000a\000g\000u\000r\000i\000\040\000e\000d\000i\000t\000o\000r\000i\000a\000l\000e}{section.5}% 25
\BOOKMARK [1][-]{section.6}{\376\377\000C\000o\000r\000p\000u\000s\000\040\002\031\000i\000\040\000v\000a\000l\000i\000d\000a\000r\000e}{}% 26
\BOOKMARK [2][-]{subsection.6.1}{\376\377\000P\000e\000r\000e\000c\000h\000i\000\040\000d\000e\000\040\000c\000o\000n\000t\000r\000o\000l\000\040\000l\000o\000c\000a\000l}{section.6}% 27
\BOOKMARK [2][-]{subsection.6.2}{\376\377\000L\000o\000t\000u\000r\000i\000\040\000s\000p\000e\000c\000i\000f\000i\000c\000e\000\040\000d\000e\000\040\000c\000o\000n\000t\000r\000o\000l}{section.6}% 28
\BOOKMARK [1][-]{section.7}{\376\377\000M\000o\000t\000i\000v\000a\002\033\000i\000e\000\040\002\031\000i\000\040\000j\000u\000s\000t\000i\000f\000i\000c\000a\000r\000e\000\040\000t\000e\000o\000r\000e\000t\000i\000c\001\003}{}% 29
\BOOKMARK [2][-]{subsection.7.1}{\376\377\000C\000e\000\040\000j\000u\000s\000t\000i\000f\000i\000c\001\003\000\040\000p\000r\000o\000p\000u\000n\000e\000r\000e\000a}{section.7}% 30
\BOOKMARK [2][-]{subsection.7.2}{\376\377\000L\000i\000m\000i\000t\000e\000\040\000t\000e\000o\000r\000e\000t\000i\000c\000e\000\040\000m\000a\000j\000o\000r\000e}{section.7}% 31
\BOOKMARK [2][-]{subsection.7.3}{\376\377\000D\000e\000n\000s\000i\000t\000a\000t\000e\000\040\000o\000p\000e\000r\000a\000t\000o\000r\000i\000a\000l\001\003\000\040\002\031\000i\000\040\000c\000o\000m\000p\000a\000c\000t\000a\000r\000e}{section.7}% 32
\BOOKMARK [2][-]{subsection.7.4}{\376\377\000D\000e\000\040\000c\000e\000\040\000s\000e\000c\002\033\000i\000u\000n\000e\000a\000\040\000d\000e\000s\000p\000r\000e\000\040\000o\000p\000e\000r\000a\000t\000o\000r\000i\000\040\000e\000s\000t\000e\000\040\000d\000e\000c\000i\000s\000i\000v\001\003\000\040\000p\000e\000n\000t\000r\000u\000\040\000p\000u\000b\000l\000i\000c\000a\000r\000e}{section.7}% 33
\BOOKMARK [1][-]{section.8}{\376\377\000D\000i\000s\000c\000u\002\033\000i\000e}{}% 34
\BOOKMARK [1][-]{section.9}{\376\377\000C\000o\000n\000c\000l\000u\000z\000i\000e}{}% 35
\BOOKMARK [1][-]{appendix.A}{\376\377\000I\000n\000v\000e\000n\000t\000a\000r\000\040\000s\000c\000u\000r\000t\000\040\000d\000e\000\040\000f\000o\000r\000m\000e\000\040\000r\000e\000p\000r\000e\000z\000e\000n\000t\000a\000t\000i\000v\000e}{}% 36
\BOOKMARK [1][-]{appendix.B}{\376\377\000R\000e\000z\000u\000m\000a\000t\000\040\000a\000l\000\040\000d\000e\000c\000i\000z\000i\000i\000l\000o\000r\000\040\000n\000o\000r\000m\000a\000t\000i\000v\000e}{}% 37
\BOOKMARK [1][-]{appendix.C}{\376\377\000E\000B\000N\000F\000\040\000C\000o\000r\000e}{}% 38
\BOOKMARK [1][-]{appendix.D}{\376\377\000E\000B\000N\000F\000\040\000E\000x\000t\000e\000n\000d\000e\000d\000\040\002\031\000i\000\040\000l\000e\000x\000i\000c\000\040\000m\000i\000n\000i\000m}{}% 39
\BOOKMARK [1][-]{appendix.E}{\376\377\000L\000u\000c\000e\000a\000f\001\003\000r\000u\000l\000:\000\040\000a\000n\000e\000x\001\003\000\040\000i\000l\000u\000s\000t\000r\000a\000t\000i\000v\001\003}{}% 40
\BOOKMARK [1][-]{appendix.F}{\376\377\000O\000b\000s\000e\000r\000v\000a\002\033\000i\000i\000\040\000a\000s\000u\000p\000r\000a\000\040\000a\000n\000e\000x\000e\000i\000\040\000l\000i\000t\000e\000r\000a\000r\000e}{}% 41
\BOOKMARK [1][-]{appendix.G}{\376\377\000D\000i\000s\000p\000o\000n\000i\000b\000i\000l\000i\000t\000a\000t\000e\000\040\002\031\000i\000\040\000r\000e\000p\000r\000o\000d\000u\000c\000i\000b\000i\000l\000i\000t\000a\000t\000e}{}% 42
